九月 22, 2018 8:20:46 下午 org.apache.catalina.startup.Catalina initDirs
严重: Cannot find specified temporary folder at D:\workspace\IDEA\study\java\apache-tomcat-7.0.65\temp
九月 22, 2018 8:20:47 下午 org.apache.catalina.startup.VersionLoggerListener log
信息: Server version:        Apache Tomcat/7.0.65
九月 22, 2018 8:20:47 下午 org.apache.catalina.startup.VersionLoggerListener log
信息: Server built:          Oct 9 2015 08:36:58 UTC
九月 22, 2018 8:20:47 下午 org.apache.catalina.startup.VersionLoggerListener log
信息: Server number:         7.0.65.0
九月 22, 2018 8:20:47 下午 org.apache.catalina.startup.VersionLoggerListener log
信息: OS Name:               Windows 8.1
九月 22, 2018 8:20:47 下午 org.apache.catalina.startup.VersionLoggerListener log
信息: OS Version:            6.3
九月 22, 2018 8:20:47 下午 org.apache.catalina.startup.VersionLoggerListener log
信息: Architecture:          amd64
九月 22, 2018 8:20:47 下午 org.apache.catalina.startup.VersionLoggerListener log
信息: Java Home:             C:\Program Files\Java\jdk1.8.0_45\jre
九月 22, 2018 8:20:47 下午 org.apache.catalina.startup.VersionLoggerListener log
信息: JVM Version:           1.8.0_45-b14
九月 22, 2018 8:20:47 下午 org.apache.catalina.startup.VersionLoggerListener log
信息: JVM Vendor:            Oracle Corporation
九月 22, 2018 8:20:47 下午 org.apache.catalina.startup.VersionLoggerListener log
信息: CATALINA_BASE:         D:\workspace\IDEA\study\java\apache-tomcat-7.0.65
九月 22, 2018 8:20:47 下午 org.apache.catalina.startup.VersionLoggerListener log
信息: CATALINA_HOME:         D:\workspace\IDEA\study\java\apache-tomcat-7.0.65
九月 22, 2018 8:20:47 下午 org.apache.catalina.startup.VersionLoggerListener log
信息: Command line argument: -Djava.util.logging.config.file=D:\workspace\IDEA\study\java\apache-tomcat-7.0.65\conf\logging.properties
九月 22, 2018 8:20:47 下午 org.apache.catalina.startup.VersionLoggerListener log
信息: Command line argument: -Djava.util.logging.manager=org.apache.juli.ClassLoaderLogManager
九月 22, 2018 8:20:47 下午 org.apache.catalina.startup.VersionLoggerListener log
信息: Command line argument: -Djava.endorsed.dirs=D:\workspace\IDEA\study\java\apache-tomcat-7.0.65\endorsed
九月 22, 2018 8:20:47 下午 org.apache.catalina.startup.VersionLoggerListener log
信息: Command line argument: -Dcatalina.base=D:\workspace\IDEA\study\java\apache-tomcat-7.0.65
九月 22, 2018 8:20:47 下午 org.apache.catalina.startup.VersionLoggerListener log
信息: Command line argument: -Dcatalina.home=D:\workspace\IDEA\study\java\apache-tomcat-7.0.65
九月 22, 2018 8:20:47 下午 org.apache.catalina.startup.VersionLoggerListener log
信息: Command line argument: -Djava.io.tmpdir=D:\workspace\IDEA\study\java\apache-tomcat-7.0.65\temp
九月 22, 2018 8:20:47 下午 org.apache.catalina.core.AprLifecycleListener lifecycleEvent
信息: Loaded APR based Apache Tomcat Native library 1.1.33 using APR version 1.5.1.
九月 22, 2018 8:20:47 下午 org.apache.catalina.core.AprLifecycleListener lifecycleEvent
信息: APR capabilities: IPv6 [true], sendfile [true], accept filters [false], random [true].
九月 22, 2018 8:20:48 下午 org.apache.catalina.core.AprLifecycleListener initializeSSL
信息: OpenSSL successfully initialized (OpenSSL 1.0.1m 19 Mar 2015)
九月 22, 2018 8:20:48 下午 org.apache.coyote.AbstractProtocol init
信息: Initializing ProtocolHandler ["http-apr-8080"]
九月 22, 2018 8:20:48 下午 org.apache.catalina.startup.Catalina load
信息: Initialization processed in 2497 ms
九月 22, 2018 8:20:48 下午 org.apache.catalina.core.StandardService startInternal
信息: Starting service Catalina
九月 22, 2018 8:20:48 下午 org.apache.catalina.core.StandardEngine startInternal
信息: Starting Servlet Engine: Apache Tomcat/7.0.65
九月 22, 2018 8:20:48 下午 org.apache.catalina.startup.HostConfig deployDirectory
信息: Deploying web application directory D:\workspace\IDEA\study\java\apache-tomcat-7.0.65\webapps\docs
九月 22, 2018 8:20:50 下午 org.apache.catalina.util.SessionIdGeneratorBase createSecureRandom
信息: Creation of SecureRandom instance for session ID generation using [SHA1PRNG] took [506] milliseconds.
九月 22, 2018 8:20:50 下午 org.apache.catalina.startup.HostConfig deployDirectory
信息: Deployment of web application directory D:\workspace\IDEA\study\java\apache-tomcat-7.0.65\webapps\docs has finished in 1,087 ms
九月 22, 2018 8:20:50 下午 org.apache.catalina.startup.HostConfig deployDirectory
信息: Deploying web application directory D:\workspace\IDEA\study\java\apache-tomcat-7.0.65\webapps\examples
九月 22, 2018 8:20:50 下午 org.apache.catalina.core.StandardContext startInternal
严重: One or more listeners failed to start. Full details will be found in the appropriate container log file
九月 22, 2018 8:20:50 下午 org.apache.catalina.core.StandardContext startInternal
严重: Context [/examples] startup failed due to previous errors
九月 22, 2018 8:20:50 下午 org.apache.catalina.startup.HostConfig deployDirectory
信息: Deployment of web application directory D:\workspace\IDEA\study\java\apache-tomcat-7.0.65\webapps\examples has finished in 458 ms
九月 22, 2018 8:20:50 下午 org.apache.catalina.startup.HostConfig deployDirectory
信息: Deploying web application directory D:\workspace\IDEA\study\java\apache-tomcat-7.0.65\webapps\host-manager
九月 22, 2018 8:20:50 下午 org.apache.catalina.startup.HostConfig deployDirectory
信息: Deployment of web application directory D:\workspace\IDEA\study\java\apache-tomcat-7.0.65\webapps\host-manager has finished in 135 ms
九月 22, 2018 8:20:50 下午 org.apache.catalina.startup.HostConfig deployDirectory
信息: Deploying web application directory D:\workspace\IDEA\study\java\apache-tomcat-7.0.65\webapps\manager
九月 22, 2018 8:20:50 下午 org.apache.catalina.startup.HostConfig deployDirectory
信息: Deployment of web application directory D:\workspace\IDEA\study\java\apache-tomcat-7.0.65\webapps\manager has finished in 96 ms
九月 22, 2018 8:20:50 下午 org.apache.catalina.startup.HostConfig deployDirectory
信息: Deploying web application directory D:\workspace\IDEA\study\java\apache-tomcat-7.0.65\webapps\ROOT
九月 22, 2018 8:20:50 下午 org.apache.catalina.startup.HostConfig deployDirectory
信息: Deployment of web application directory D:\workspace\IDEA\study\java\apache-tomcat-7.0.65\webapps\ROOT has finished in 86 ms
九月 22, 2018 8:20:50 下午 org.apache.coyote.AbstractProtocol start
信息: Starting ProtocolHandler ["http-apr-8080"]
九月 22, 2018 8:20:50 下午 org.apache.catalina.startup.Catalina start
信息: Server startup in 1970 ms
九月 22, 2018 8:22:30 下午 org.apache.catalina.core.StandardServer await
信息: A valid shutdown command was received via the shutdown port. Stopping the Server instance.
九月 22, 2018 8:22:30 下午 org.apache.coyote.AbstractProtocol pause
信息: Pausing ProtocolHandler ["http-apr-8080"]
九月 22, 2018 8:22:30 下午 org.apache.catalina.core.StandardService stopInternal
信息: Stopping service Catalina
九月 22, 2018 8:22:30 下午 org.apache.coyote.AbstractProtocol stop
信息: Stopping ProtocolHandler ["http-apr-8080"]
九月 22, 2018 8:22:30 下午 org.apache.coyote.AbstractProtocol destroy
信息: Destroying ProtocolHandler ["http-apr-8080"]
